# JRE version: Java(TM) SE Runtime Environment (7.0_79-b15) (build 1.7.0_79-b15)
# Java VM: Java HotSpot(TM) 64-Bit Server VM (24.79-b02 mixed mode windows-amd64 compressed oops)
Heap
 PSYoungGen      total 233472K, used 118345K [0x00000000eaa80000, 0x0000000100000000, 0x0000000100000000)
  eden space 117248K, 56% used [0x00000000eaa80000,0x00000000eeac3410,0x00000000f1d00000)
  from space 116224K, 45% used [0x00000000f1d00000,0x00000000f504f1f8,0x00000000f8e80000)
  to   space 116224K, 0% used [0x00000000f8e80000,0x00000000f8e80000,0x0000000100000000)
 ParOldGen       total 350720K, used 147588K [0x00000000c0000000, 0x00000000d5680000, 0x00000000eaa80000)
  object space 350720K, 42% used [0x00000000c0000000,0x00000000c90210f0,0x00000000d5680000)
 PSPermGen       total 21504K, used 6072K [0x00000000bae00000, 0x00000000bc300000, 0x00000000c0000000)
  object space 21504K, 28% used [0x00000000bae00000,0x00000000bb3ee290,0x00000000bc300000)
GC Heap History (10 events):
Event: 11.460 GC heap before
{Heap before GC invocations=17 (full 3):
 PSYoungGen      total 233472K, used 177403K [0x00000000eaa80000, 0x0000000100000000, 0x0000000100000000)
  eden space 117248K, 100% used [0x00000000eaa80000,0x00000000f1d00000,0x00000000f1d00000)
  from space 116224K, 51% used [0x00000000f1d00000,0x00000000f57bef00,0x00000000f8e80000)
  to   space 116224K, 0% used [0x00000000f8e80000,0x00000000f8e80000,0x0000000100000000)
 ParOldGen       total 350720K, used 173934K [0x00000000c0000000, 0x00000000d5680000, 0x00000000eaa80000)
  object space 350720K, 49% used [0x00000000c0000000,0x00000000ca9db8f8,0x00000000d5680000)
 PSPermGen       total 21504K, used 6009K [0x00000000bae00000, 0x00000000bc300000, 0x00000000c0000000)
  object space 21504K, 27% used [0x00000000bae00000,0x00000000bb3de4d8,0x00000000bc300000)
Event: 11.563 GC heap after
Heap after GC invocations=17 (full 3):
 PSYoungGen      total 233472K, used 19159K [0x00000000eaa80000, 0x0000000100000000, 0x0000000100000000)
  eden space 117248K, 0% used [0x00000000eaa80000,0x00000000eaa80000,0x00000000f1d00000)
  from space 116224K, 16% used [0x00000000f8e80000,0x00000000fa135ee8,0x0000000100000000)
  to   space 116224K, 0% used [0x00000000f1d00000,0x00000000f1d00000,0x00000000f8e80000)
 ParOldGen       total 350720K, used 232910K [0x00000000c0000000, 0x00000000d5680000, 0x00000000eaa80000)
  object space 350720K, 66% used [0x00000000c0000000,0x00000000ce373880,0x00000000d5680000)
 PSPermGen       total 21504K, used 6009K [0x00000000bae00000, 0x00000000bc300000, 0x00000000c0000000)
  object space 21504K, 27% used [0x00000000bae00000,0x00000000bb3de4d8,0x00000000bc300000)
}
Event: 12.055 GC heap before
{Heap before GC invocations=18 (full 3):
 PSYoungGen      total 233472K, used 136407K [0x00000000eaa80000, 0x0000000100000000, 0x0000000100000000)
  eden space 117248K, 100% used [0x00000000eaa80000,0x00000000f1d00000,0x00000000f1d00000)
  from space 116224K, 16% used [0x00000000f8e80000,0x00000000fa135ee8,0x0000000100000000)
  to   space 116224K, 0% used [0x00000000f1d00000,0x00000000f1d00000,0x00000000f8e80000)
 ParOldGen       total 350720K, used 232910K [0x00000000c0000000, 0x00000000d5680000, 0x00000000eaa80000)
  object space 350720K, 66% used [0x00000000c0000000,0x00000000ce373880,0x00000000d5680000)
 PSPermGen       total 21504K, used 6022K [0x00000000bae00000, 0x00000000bc300000, 0x00000000c0000000)
  object space 21504K, 28% used [0x00000000bae00000,0x00000000bb3e1b58,0x00000000bc300000)
Event: 12.193 GC heap after
Heap after GC invocations=18 (full 3):
 PSYoungGen      total 233472K, used 40783K [0x00000000eaa80000, 0x0000000100000000, 0x0000000100000000)
  eden space 117248K, 0% used [0x00000000eaa80000,0x00000000eaa80000,0x00000000f1d00000)
  from space 116224K, 35% used [0x00000000f1d00000,0x00000000f44d3c20,0x00000000f8e80000)
  to   space 116224K, 0% used [0x00000000f8e80000,0x00000000f8e80000,0x0000000100000000)
 ParOldGen       total 350720K, used 246738K [0x00000000c0000000, 0x00000000d5680000, 0x00000000eaa80000)
  object space 350720K, 70% used [0x00000000c0000000,0x00000000cf0f49d8,0x00000000d5680000)
 PSPermGen       total 21504K, used 6022K [0x00000000bae00000, 0x00000000bc300000, 0x00000000c0000000)
  object space 21504K, 28% used [0x00000000bae00000,0x00000000bb3e1b58,0x00000000bc300000)
}
Event: 12.660 GC heap before
{Heap before GC invocations=19 (full 3):
 PSYoungGen      total 233472K, used 158031K [0x00000000eaa80000, 0x0000000100000000, 0x0000000100000000)
  eden space 117248K, 100% used [0x00000000eaa80000,0x00000000f1d00000,0x00000000f1d00000)
  from space 116224K, 35% used [0x00000000f1d00000,0x00000000f44d3c20,0x00000000f8e80000)
  to   space 116224K, 0% used [0x00000000f8e80000,0x00000000f8e80000,0x0000000100000000)
 ParOldGen       total 350720K, used 246738K [0x00000000c0000000, 0x00000000d5680000, 0x00000000eaa80000)
  object space 350720K, 70% used [0x00000000c0000000,0x00000000cf0f49d8,0x00000000d5680000)
 PSPermGen       total 21504K, used 6035K [0x00000000bae00000, 0x00000000bc300000, 0x00000000c0000000)
  object space 21504K, 28% used [0x00000000bae00000,0x00000000bb3e4c08,0x00000000bc300000)
Event: 12.725 GC heap after
Heap after GC invocations=19 (full 3):
 PSYoungGen      total 233472K, used 33930K [0x00000000eaa80000, 0x0000000100000000, 0x0000000100000000)
  eden space 117248K, 0% used [0x00000000eaa80000,0x00000000eaa80000,0x00000000f1d00000)
  from space 116224K, 29% used [0x00000000f8e80000,0x00000000fafa29c8,0x0000000100000000)
  to   space 116224K, 0% used [0x00000000f1d00000,0x00000000f1d00000,0x00000000f8e80000)
 ParOldGen       total 350720K, used 285500K [0x00000000c0000000, 0x00000000d5680000, 0x00000000eaa80000)
  object space 350720K, 81% used [0x00000000c0000000,0x00000000d16cf080,0x00000000d5680000)
 PSPermGen       total 21504K, used 6035K [0x00000000bae00000, 0x00000000bc300000, 0x00000000c0000000)
  object space 21504K, 28% used [0x00000000bae00000,0x00000000bb3e4c08,0x00000000bc300000)
}
Event: 12.725 GC heap before
{Heap before GC invocations=20 (full 4):
 PSYoungGen      total 233472K, used 33930K [0x00000000eaa80000, 0x0000000100000000, 0x0000000100000000)
  eden space 117248K, 0% used [0x00000000eaa80000,0x00000000eaa80000,0x00000000f1d00000)
  from space 116224K, 29% used [0x00000000f8e80000,0x00000000fafa29c8,0x0000000100000000)
  to   space 116224K, 0% used [0x00000000f1d00000,0x00000000f1d00000,0x00000000f8e80000)
 ParOldGen       total 350720K, used 285500K [0x00000000c0000000, 0x00000000d5680000, 0x00000000eaa80000)
  object space 350720K, 81% used [0x00000000c0000000,0x00000000d16cf080,0x00000000d5680000)
 PSPermGen       total 21504K, used 6035K [0x00000000bae00000, 0x00000000bc300000, 0x00000000c0000000)
  object space 21504K, 28% used [0x00000000bae00000,0x00000000bb3e4c08,0x00000000bc300000)
Event: 13.402 GC heap after
Heap after GC invocations=20 (full 4):
 PSYoungGen      total 233472K, used 0K [0x00000000eaa80000, 0x0000000100000000, 0x0000000100000000)
  eden space 117248K, 0% used [0x00000000eaa80000,0x00000000eaa80000,0x00000000f1d00000)
  from space 116224K, 0% used [0x00000000f8e80000,0x00000000f8e80000,0x0000000100000000)
  to   space 116224K, 0% used [0x00000000f1d00000,0x00000000f1d00000,0x00000000f8e80000)
 ParOldGen       total 350720K, used 147588K [0x00000000c0000000, 0x00000000d5680000, 0x00000000eaa80000)
  object space 350720K, 42% used [0x00000000c0000000,0x00000000c90210f0,0x00000000d5680000)
 PSPermGen       total 21504K, used 6034K [0x00000000bae00000, 0x00000000bc300000, 0x00000000c0000000)
  object space 21504K, 28% used [0x00000000bae00000,0x00000000bb3e4b08,0x00000000bc300000)
}
Event: 13.502 GC heap before
{Heap before GC invocations=21 (full 4):
 PSYoungGen      total 233472K, used 117248K [0x00000000eaa80000, 0x0000000100000000, 0x0000000100000000)
  eden space 117248K, 100% used [0x00000000eaa80000,0x00000000f1d00000,0x00000000f1d00000)
  from space 116224K, 0% used [0x00000000f8e80000,0x00000000f8e80000,0x0000000100000000)
  to   space 116224K, 0% used [0x00000000f1d00000,0x00000000f1d00000,0x00000000f8e80000)
 ParOldGen       total 350720K, used 147588K [0x00000000c0000000, 0x00000000d5680000, 0x00000000eaa80000)
  object space 350720K, 42% used [0x00000000c0000000,0x00000000c90210f0,0x00000000d5680000)
 PSPermGen       total 21504K, used 6044K [0x00000000bae00000, 0x00000000bc300000, 0x00000000c0000000)
  object space 21504K, 28% used [0x00000000bae00000,0x00000000bb3e7398,0x00000000bc300000)
Event: 13.528 GC heap after
Heap after GC invocations=21 (full 4):
 PSYoungGen      total 233472K, used 52540K [0x00000000eaa80000, 0x0000000100000000, 0x0000000100000000)
  eden space 117248K, 0% used [0x00000000eaa80000,0x00000000eaa80000,0x00000000f1d00000)
  from space 116224K, 45% used [0x00000000f1d00000,0x00000000f504f1f8,0x00000000f8e80000)
  to   space 116224K, 0% used [0x00000000f8e80000,0x00000000f8e80000,0x0000000100000000)
 ParOldGen       total 350720K, used 147588K [0x00000000c0000000, 0x00000000d5680000, 0x00000000eaa80000)
  object space 350720K, 42% used [0x00000000c0000000,0x00000000c90210f0,0x00000000d5680000)
 PSPermGen       total 21504K, used 6044K [0x00000000bae00000, 0x00000000bc300000, 0x00000000c0000000)
  object space 21504K, 28% used [0x00000000bae00000,0x00000000bb3e7398,0x00000000bc300000)
}

